[2020-03-31 20:57:04.310349] Update: 0 / 1953, Frames: 1024, Rewards: 0.000, Min: 0.000, Max: 0.000, PL: -0.000,VL: 0.004, Ent: 2.944
[2020-03-31 20:59:06.740769] Update: 10 / 1953, Frames: 11264, Rewards: 0.500, Min: 0.000, Max: 1.000, PL: -0.004,VL: 0.038, Ent: 2.875
[2020-03-31 21:01:18.838428] Update: 20 / 1953, Frames: 21504, Rewards: 0.625, Min: 0.000, Max: 1.000, PL: -0.017,VL: 0.030, Ent: 2.043
[2020-04-04 17:09:38.720458] Update: 0 / 1953, Frames: 1024, Rewards: 0.125, Min: 0.000, Max: 1.000, PL: -0.000,VL: 0.015, Ent: 2.944
[2020-04-04 17:12:08.973339] Update: 10 / 1953, Frames: 11264, Rewards: 0.125, Min: 0.000, Max: 1.000, PL: -0.027,VL: 0.010, Ent: 2.896
[2020-04-05 15:37:14.629574] Update: 0 / 1953, Frames: 1024, Rewards: 0.125, Min: -1.000, Max: 1.000, PL: -0.000,VL: 0.021, Ent: 2.944
[2020-04-05 15:39:29.105231] Update: 10 / 1953, Frames: 11264, Rewards: 0.375, Min: -1.000, Max: 1.000, PL: -0.014,VL: 0.039, Ent: 2.895
[2020-04-05 15:41:50.422618] Update: 20 / 1953, Frames: 21504, Rewards: 0.875, Min: 0.000, Max: 1.000, PL: -0.014,VL: 0.032, Ent: 1.890
[2020-04-05 15:44:17.237493] Update: 30 / 1953, Frames: 31744, Rewards: 1.000, Min: 1.000, Max: 1.000, PL: -0.011,VL: 0.020, Ent: 1.739
[2020-04-05 15:47:05.273291] Update: 40 / 1953, Frames: 41984, Rewards: 1.000, Min: 1.000, Max: 1.000, PL: 0.012,VL: 0.007, Ent: 1.542
[2020-04-05 15:50:23.565574] Update: 50 / 1953, Frames: 52224, Rewards: 1.000, Min: 1.000, Max: 1.000, PL: -0.002,VL: 0.007, Ent: 1.574
[2020-04-05 15:54:00.754073] Update: 60 / 1953, Frames: 62464, Rewards: 0.875, Min: 0.000, Max: 1.000, PL: -0.019,VL: 0.019, Ent: 1.809
[2020-04-05 15:56:28.080462] Update: 70 / 1953, Frames: 72704, Rewards: 1.000, Min: 1.000, Max: 1.000, PL: -0.013,VL: 0.004, Ent: 1.793
[2020-04-05 15:59:29.028015] Update: 80 / 1953, Frames: 82944, Rewards: 1.000, Min: 1.000, Max: 1.000, PL: -0.030,VL: 0.012, Ent: 1.742
[2020-04-05 16:02:35.532060] Update: 90 / 1953, Frames: 93184, Rewards: 1.000, Min: 1.000, Max: 1.000, PL: -0.021,VL: 0.018, Ent: 1.994
[2020-04-05 16:05:40.070059] Update: 100 / 1953, Frames: 103424, Rewards: 0.875, Min: 0.000, Max: 1.000, PL: -0.018,VL: 0.008, Ent: 1.859
[2020-04-05 16:08:35.736102] Update: 110 / 1953, Frames: 113664, Rewards: 1.000, Min: 1.000, Max: 1.000, PL: -0.006,VL: 0.008, Ent: 1.908
[2020-04-05 16:11:38.146877] Update: 120 / 1953, Frames: 123904, Rewards: 1.000, Min: 1.000, Max: 1.000, PL: 0.002,VL: 0.003, Ent: 2.240
[2020-04-05 16:14:44.446514] Update: 130 / 1953, Frames: 134144, Rewards: 1.000, Min: 1.000, Max: 1.000, PL: -0.018,VL: 0.005, Ent: 2.280
[2020-04-05 16:17:44.763087] Update: 140 / 1953, Frames: 144384, Rewards: 1.000, Min: 1.000, Max: 1.000, PL: -0.020,VL: 0.015, Ent: 2.273
[2020-04-05 16:20:43.586694] Update: 150 / 1953, Frames: 154624, Rewards: 1.000, Min: 1.000, Max: 1.000, PL: -0.032,VL: 0.003, Ent: 1.915
[2020-04-05 16:23:46.938530] Update: 160 / 1953, Frames: 164864, Rewards: 1.000, Min: 1.000, Max: 1.000, PL: -0.018,VL: 0.011, Ent: 2.113
[2020-04-05 16:26:48.421364] Update: 170 / 1953, Frames: 175104, Rewards: 1.000, Min: 1.000, Max: 1.000, PL: -0.057,VL: 0.020, Ent: 2.054
[2020-04-05 16:29:54.516813] Update: 180 / 1953, Frames: 185344, Rewards: 1.000, Min: 1.000, Max: 1.000, PL: -0.026,VL: 0.021, Ent: 2.013
[2020-04-05 16:32:56.335064] Update: 190 / 1953, Frames: 195584, Rewards: 1.000, Min: 1.000, Max: 1.000, PL: -0.039,VL: 0.031, Ent: 2.059
[2020-04-05 16:36:04.709066] Update: 200 / 1953, Frames: 205824, Rewards: 1.000, Min: 1.000, Max: 1.000, PL: -0.002,VL: 0.027, Ent: 1.816
[2020-04-05 16:39:14.379595] Update: 210 / 1953, Frames: 216064, Rewards: 1.000, Min: 1.000, Max: 1.000, PL: -0.004,VL: 0.002, Ent: 2.011
[2020-04-05 16:42:26.280659] Update: 220 / 1953, Frames: 226304, Rewards: 1.000, Min: 1.000, Max: 1.000, PL: -0.016,VL: 0.009, Ent: 1.916
[2020-04-05 16:45:28.375807] Update: 230 / 1953, Frames: 236544, Rewards: 0.875, Min: 0.000, Max: 1.000, PL: -0.033,VL: 0.014, Ent: 1.991
[2020-04-05 16:48:33.992594] Update: 240 / 1953, Frames: 246784, Rewards: 0.875, Min: 0.000, Max: 1.000, PL: -0.005,VL: 0.001, Ent: 1.755
[2020-04-05 16:51:40.410886] Update: 250 / 1953, Frames: 257024, Rewards: 1.000, Min: 1.000, Max: 1.000, PL: -0.023,VL: 0.001, Ent: 1.713
[2020-04-05 16:54:47.327009] Update: 260 / 1953, Frames: 267264, Rewards: 1.000, Min: 1.000, Max: 1.000, PL: -0.002,VL: 0.018, Ent: 2.103
[2020-04-05 16:57:45.827919] Update: 270 / 1953, Frames: 277504, Rewards: 0.875, Min: 0.000, Max: 1.000, PL: -0.017,VL: 0.001, Ent: 2.219
[2020-04-05 17:00:51.833133] Update: 280 / 1953, Frames: 287744, Rewards: 1.000, Min: 1.000, Max: 1.000, PL: -0.009,VL: 0.001, Ent: 2.158
[2020-04-05 17:03:55.207725] Update: 290 / 1953, Frames: 297984, Rewards: 1.000, Min: 1.000, Max: 1.000, PL: -0.015,VL: 0.024, Ent: 2.341
[2020-04-05 17:06:56.546424] Update: 300 / 1953, Frames: 308224, Rewards: 1.000, Min: 1.000, Max: 1.000, PL: -0.013,VL: 0.016, Ent: 2.563
[2020-04-05 17:09:56.825718] Update: 310 / 1953, Frames: 318464, Rewards: 1.000, Min: 1.000, Max: 1.000, PL: 0.004,VL: 0.014, Ent: 2.004
[2020-04-05 17:12:56.016621] Update: 320 / 1953, Frames: 328704, Rewards: 1.000, Min: 1.000, Max: 1.000, PL: -0.011,VL: 0.021, Ent: 2.026
[2020-04-05 17:15:45.709303] Update: 330 / 1953, Frames: 338944, Rewards: 1.000, Min: 1.000, Max: 1.000, PL: -0.013,VL: 0.029, Ent: 2.292
[2020-04-05 17:18:32.626887] Update: 340 / 1953, Frames: 349184, Rewards: 1.000, Min: 1.000, Max: 1.000, PL: -0.023,VL: 0.001, Ent: 1.930
[2020-04-05 17:21:20.916199] Update: 350 / 1953, Frames: 359424, Rewards: 1.000, Min: 1.000, Max: 1.000, PL: -0.013,VL: 0.003, Ent: 2.430
[2020-04-05 17:24:08.553790] Update: 360 / 1953, Frames: 369664, Rewards: 1.000, Min: 1.000, Max: 1.000, PL: -0.024,VL: 0.009, Ent: 2.037
[2020-04-05 17:26:55.661865] Update: 370 / 1953, Frames: 379904, Rewards: 1.000, Min: 1.000, Max: 1.000, PL: -0.015,VL: 0.011, Ent: 2.040
[2020-04-05 17:29:44.733961] Update: 380 / 1953, Frames: 390144, Rewards: 0.875, Min: 0.000, Max: 1.000, PL: -0.023,VL: 0.023, Ent: 2.001
[2020-04-05 17:32:48.082934] Update: 390 / 1953, Frames: 400384, Rewards: 1.000, Min: 1.000, Max: 1.000, PL: -0.013,VL: 0.016, Ent: 2.005
[2020-04-05 17:35:47.950605] Update: 400 / 1953, Frames: 410624, Rewards: 1.000, Min: 1.000, Max: 1.000, PL: -0.042,VL: 0.016, Ent: 1.696
[2020-04-05 17:38:54.058281] Update: 410 / 1953, Frames: 420864, Rewards: 1.000, Min: 1.000, Max: 1.000, PL: -0.012,VL: 0.032, Ent: 1.676
[2020-04-05 17:41:58.621443] Update: 420 / 1953, Frames: 431104, Rewards: 1.000, Min: 1.000, Max: 1.000, PL: -0.025,VL: 0.001, Ent: 1.805
[2020-04-05 17:45:06.322553] Update: 430 / 1953, Frames: 441344, Rewards: 1.000, Min: 1.000, Max: 1.000, PL: -0.014,VL: 0.004, Ent: 1.918
[2020-04-05 17:48:12.762307] Update: 440 / 1953, Frames: 451584, Rewards: 1.000, Min: 1.000, Max: 1.000, PL: -0.048,VL: 0.001, Ent: 1.995
[2020-04-05 17:51:16.246266] Update: 450 / 1953, Frames: 461824, Rewards: 1.000, Min: 1.000, Max: 1.000, PL: -0.002,VL: 0.014, Ent: 2.052
[2020-04-05 17:54:19.391365] Update: 460 / 1953, Frames: 472064, Rewards: 1.000, Min: 1.000, Max: 1.000, PL: -0.034,VL: 0.021, Ent: 1.876
[2020-04-05 17:57:26.129778] Update: 470 / 1953, Frames: 482304, Rewards: 1.000, Min: 1.000, Max: 1.000, PL: 0.000,VL: 0.001, Ent: 1.688
[2020-04-05 18:00:35.862916] Update: 480 / 1953, Frames: 492544, Rewards: 1.000, Min: 1.000, Max: 1.000, PL: -0.032,VL: 0.011, Ent: 1.955
[2020-04-05 18:03:42.929941] Update: 490 / 1953, Frames: 502784, Rewards: 0.875, Min: 0.000, Max: 1.000, PL: -0.016,VL: 0.006, Ent: 2.193
[2020-04-05 18:06:47.464287] Update: 500 / 1953, Frames: 513024, Rewards: 1.000, Min: 1.000, Max: 1.000, PL: -0.007,VL: 0.008, Ent: 2.078
[2020-04-05 18:09:52.901076] Update: 510 / 1953, Frames: 523264, Rewards: 1.000, Min: 1.000, Max: 1.000, PL: -0.015,VL: 0.013, Ent: 2.068
[2020-04-05 18:12:56.265033] Update: 520 / 1953, Frames: 533504, Rewards: 1.000, Min: 1.000, Max: 1.000, PL: -0.043,VL: 0.011, Ent: 2.272
[2020-04-05 18:15:59.681047] Update: 530 / 1953, Frames: 543744, Rewards: 0.875, Min: 0.000, Max: 1.000, PL: 0.021,VL: 0.012, Ent: 2.247
[2020-04-05 18:19:02.503594] Update: 540 / 1953, Frames: 553984, Rewards: 1.000, Min: 1.000, Max: 1.000, PL: -0.041,VL: 0.008, Ent: 2.297
[2020-04-05 18:22:07.212640] Update: 550 / 1953, Frames: 564224, Rewards: 1.000, Min: 1.000, Max: 1.000, PL: -0.022,VL: 0.021, Ent: 2.427
[2020-04-05 18:25:15.084313] Update: 560 / 1953, Frames: 574464, Rewards: 1.000, Min: 1.000, Max: 1.000, PL: -0.033,VL: 0.023, Ent: 2.211
[2020-04-05 18:28:21.174058] Update: 570 / 1953, Frames: 584704, Rewards: 0.875, Min: 0.000, Max: 1.000, PL: -0.029,VL: 0.013, Ent: 2.271
[2020-04-05 18:31:29.265235] Update: 580 / 1953, Frames: 594944, Rewards: 1.000, Min: 1.000, Max: 1.000, PL: -0.029,VL: 0.004, Ent: 2.251
[2020-04-05 18:34:33.344094] Update: 590 / 1953, Frames: 605184, Rewards: 0.875, Min: 0.000, Max: 1.000, PL: -0.030,VL: 0.026, Ent: 2.230
[2020-04-05 18:37:39.469158] Update: 600 / 1953, Frames: 615424, Rewards: 1.000, Min: 1.000, Max: 1.000, PL: -0.018,VL: 0.023, Ent: 2.056
[2020-04-05 18:40:47.606136] Update: 610 / 1953, Frames: 625664, Rewards: 1.000, Min: 1.000, Max: 1.000, PL: -0.025,VL: 0.001, Ent: 1.877
[2020-04-05 18:43:53.611763] Update: 620 / 1953, Frames: 635904, Rewards: 1.000, Min: 1.000, Max: 1.000, PL: -0.026,VL: 0.009, Ent: 1.895
[2020-04-05 18:46:59.789124] Update: 630 / 1953, Frames: 646144, Rewards: 1.000, Min: 1.000, Max: 1.000, PL: -0.025,VL: 0.009, Ent: 2.015
[2020-04-05 18:50:06.524043] Update: 640 / 1953, Frames: 656384, Rewards: 1.000, Min: 1.000, Max: 1.000, PL: -0.009,VL: 0.007, Ent: 2.047
[2020-04-05 18:53:13.405745] Update: 650 / 1953, Frames: 666624, Rewards: 1.000, Min: 1.000, Max: 1.000, PL: 0.009,VL: 0.023, Ent: 2.298
[2020-04-05 18:56:07.376305] Update: 660 / 1953, Frames: 676864, Rewards: 1.000, Min: 1.000, Max: 1.000, PL: -0.004,VL: 0.008, Ent: 2.090
[2020-04-05 18:58:33.025253] Update: 670 / 1953, Frames: 687104, Rewards: 1.000, Min: 1.000, Max: 1.000, PL: -0.029,VL: 0.008, Ent: 2.102
[2020-04-05 19:00:59.674079] Update: 680 / 1953, Frames: 697344, Rewards: 1.000, Min: 1.000, Max: 1.000, PL: -0.001,VL: 0.006, Ent: 2.152
[2020-04-05 19:03:24.226239] Update: 690 / 1953, Frames: 707584, Rewards: 1.000, Min: 1.000, Max: 1.000, PL: -0.042,VL: 0.020, Ent: 2.034
[2020-04-05 19:05:49.008273] Update: 700 / 1953, Frames: 717824, Rewards: 1.000, Min: 1.000, Max: 1.000, PL: -0.028,VL: 0.001, Ent: 2.021
[2020-04-05 19:08:14.609484] Update: 710 / 1953, Frames: 728064, Rewards: 1.000, Min: 1.000, Max: 1.000, PL: -0.012,VL: 0.012, Ent: 2.355
[2020-04-05 19:10:41.105388] Update: 720 / 1953, Frames: 738304, Rewards: 1.000, Min: 1.000, Max: 1.000, PL: -0.037,VL: 0.020, Ent: 2.320
[2020-04-05 19:13:06.261198] Update: 730 / 1953, Frames: 748544, Rewards: 1.000, Min: 1.000, Max: 1.000, PL: -0.034,VL: 0.016, Ent: 1.951
[2020-04-05 19:15:33.039996] Update: 740 / 1953, Frames: 758784, Rewards: 1.000, Min: 1.000, Max: 1.000, PL: -0.006,VL: 0.019, Ent: 2.092
[2020-04-05 19:17:57.156159] Update: 750 / 1953, Frames: 769024, Rewards: 1.000, Min: 1.000, Max: 1.000, PL: -0.018,VL: 0.009, Ent: 2.112
[2020-04-05 19:20:21.353650] Update: 760 / 1953, Frames: 779264, Rewards: 1.000, Min: 1.000, Max: 1.000, PL: -0.019,VL: 0.000, Ent: 2.047
[2020-04-05 19:22:43.836449] Update: 770 / 1953, Frames: 789504, Rewards: 1.000, Min: 1.000, Max: 1.000, PL: -0.002,VL: 0.011, Ent: 2.263
[2020-04-05 19:25:07.272586] Update: 780 / 1953, Frames: 799744, Rewards: 1.000, Min: 1.000, Max: 1.000, PL: -0.034,VL: 0.011, Ent: 2.318
[2020-04-05 19:27:30.521878] Update: 790 / 1953, Frames: 809984, Rewards: 1.000, Min: 1.000, Max: 1.000, PL: -0.009,VL: 0.008, Ent: 2.170
[2020-04-05 19:29:55.562886] Update: 800 / 1953, Frames: 820224, Rewards: 1.000, Min: 1.000, Max: 1.000, PL: -0.017,VL: 0.010, Ent: 2.351
[2020-04-05 19:32:21.703351] Update: 810 / 1953, Frames: 830464, Rewards: 0.875, Min: 0.000, Max: 1.000, PL: -0.016,VL: 0.012, Ent: 2.162
[2020-04-05 19:34:46.884910] Update: 820 / 1953, Frames: 840704, Rewards: 0.875, Min: 0.000, Max: 1.000, PL: -0.021,VL: 0.001, Ent: 2.145
[2020-04-05 19:37:09.843414] Update: 830 / 1953, Frames: 850944, Rewards: 1.000, Min: 1.000, Max: 1.000, PL: -0.010,VL: 0.035, Ent: 2.325
[2020-04-05 19:39:33.223789] Update: 840 / 1953, Frames: 861184, Rewards: 1.000, Min: 1.000, Max: 1.000, PL: -0.015,VL: 0.001, Ent: 2.047
[2020-04-05 19:41:58.036184] Update: 850 / 1953, Frames: 871424, Rewards: 1.000, Min: 1.000, Max: 1.000, PL: -0.014,VL: 0.004, Ent: 2.112
[2020-04-05 19:44:20.322793] Update: 860 / 1953, Frames: 881664, Rewards: 1.000, Min: 1.000, Max: 1.000, PL: -0.024,VL: 0.004, Ent: 2.132
[2020-04-05 19:46:47.563807] Update: 870 / 1953, Frames: 891904, Rewards: 1.000, Min: 1.000, Max: 1.000, PL: -0.028,VL: 0.006, Ent: 1.655
[2020-04-05 19:49:11.360866] Update: 880 / 1953, Frames: 902144, Rewards: 1.000, Min: 1.000, Max: 1.000, PL: -0.040,VL: 0.010, Ent: 1.590
[2020-04-05 19:51:36.226739] Update: 890 / 1953, Frames: 912384, Rewards: 1.000, Min: 1.000, Max: 1.000, PL: -0.017,VL: 0.002, Ent: 1.757
[2020-04-05 19:54:00.448625] Update: 900 / 1953, Frames: 922624, Rewards: 0.875, Min: 0.000, Max: 1.000, PL: 0.003,VL: 0.010, Ent: 2.108
[2020-04-05 19:56:23.191962] Update: 910 / 1953, Frames: 932864, Rewards: 1.000, Min: 1.000, Max: 1.000, PL: -0.017,VL: 0.016, Ent: 2.166
[2020-04-05 19:58:46.827365] Update: 920 / 1953, Frames: 943104, Rewards: 1.000, Min: 1.000, Max: 1.000, PL: -0.007,VL: 0.009, Ent: 1.910
[2020-04-05 20:01:10.551524] Update: 930 / 1953, Frames: 953344, Rewards: 1.000, Min: 1.000, Max: 1.000, PL: -0.073,VL: 0.001, Ent: 1.957
[2020-04-05 20:03:32.124618] Update: 940 / 1953, Frames: 963584, Rewards: 1.000, Min: 1.000, Max: 1.000, PL: 0.017,VL: 0.004, Ent: 2.003
[2020-04-05 20:05:56.953553] Update: 950 / 1953, Frames: 973824, Rewards: 1.000, Min: 1.000, Max: 1.000, PL: 0.002,VL: 0.008, Ent: 2.285
[2020-04-05 20:08:20.154157] Update: 960 / 1953, Frames: 984064, Rewards: 1.000, Min: 1.000, Max: 1.000, PL: -0.037,VL: 0.020, Ent: 2.381
[2020-04-05 20:10:41.499770] Update: 970 / 1953, Frames: 994304, Rewards: 1.000, Min: 1.000, Max: 1.000, PL: -0.040,VL: 0.007, Ent: 2.242
[2020-04-05 20:13:09.415044] Update: 980 / 1953, Frames: 1004544, Rewards: 1.000, Min: 1.000, Max: 1.000, PL: -0.021,VL: 0.007, Ent: 2.200
[2020-04-05 20:15:33.023026] Update: 990 / 1953, Frames: 1014784, Rewards: 1.000, Min: 1.000, Max: 1.000, PL: -0.014,VL: 0.011, Ent: 2.115
[2020-04-05 20:17:57.048823] Update: 1000 / 1953, Frames: 1025024, Rewards: 1.000, Min: 1.000, Max: 1.000, PL: 0.002,VL: 0.013, Ent: 1.846
[2020-04-05 20:20:20.709796] Update: 1010 / 1953, Frames: 1035264, Rewards: 1.000, Min: 1.000, Max: 1.000, PL: -0.011,VL: 0.002, Ent: 2.191
[2020-04-05 20:22:45.246229] Update: 1020 / 1953, Frames: 1045504, Rewards: 1.000, Min: 1.000, Max: 1.000, PL: -0.013,VL: 0.009, Ent: 2.197
[2020-04-05 20:25:05.777481] Update: 1030 / 1953, Frames: 1055744, Rewards: 0.875, Min: 0.000, Max: 1.000, PL: -0.029,VL: 0.017, Ent: 2.280
[2020-04-05 20:27:28.416476] Update: 1040 / 1953, Frames: 1065984, Rewards: 1.000, Min: 1.000, Max: 1.000, PL: -0.028,VL: 0.008, Ent: 2.161
[2020-04-05 20:29:52.808133] Update: 1050 / 1953, Frames: 1076224, Rewards: 1.000, Min: 1.000, Max: 1.000, PL: -0.024,VL: 0.020, Ent: 2.408
[2020-04-05 20:32:20.509159] Update: 1060 / 1953, Frames: 1086464, Rewards: 1.000, Min: 1.000, Max: 1.000, PL: -0.014,VL: 0.022, Ent: 2.136
[2020-04-05 20:34:44.228996] Update: 1070 / 1953, Frames: 1096704, Rewards: 1.000, Min: 1.000, Max: 1.000, PL: -0.034,VL: 0.011, Ent: 1.824
[2020-04-05 20:37:10.750907] Update: 1080 / 1953, Frames: 1106944, Rewards: 1.000, Min: 1.000, Max: 1.000, PL: -0.018,VL: 0.006, Ent: 2.065
[2020-04-05 20:39:38.918768] Update: 1090 / 1953, Frames: 1117184, Rewards: 1.000, Min: 1.000, Max: 1.000, PL: -0.043,VL: 0.007, Ent: 1.988
[2020-04-05 20:42:08.000331] Update: 1100 / 1953, Frames: 1127424, Rewards: 1.000, Min: 1.000, Max: 1.000, PL: -0.037,VL: 0.019, Ent: 1.887
[2020-04-05 20:44:37.131848] Update: 1110 / 1953, Frames: 1137664, Rewards: 1.000, Min: 1.000, Max: 1.000, PL: -0.050,VL: 0.003, Ent: 1.881
[2020-04-05 20:47:03.579148] Update: 1120 / 1953, Frames: 1147904, Rewards: 1.000, Min: 1.000, Max: 1.000, PL: -0.030,VL: 0.008, Ent: 2.153
[2020-04-05 20:49:29.367855] Update: 1130 / 1953, Frames: 1158144, Rewards: 1.000, Min: 1.000, Max: 1.000, PL: -0.048,VL: 0.015, Ent: 1.999
[2020-04-05 20:52:06.357932] Update: 1140 / 1953, Frames: 1168384, Rewards: 1.000, Min: 1.000, Max: 1.000, PL: -0.019,VL: 0.012, Ent: 2.000
[2020-04-05 20:54:41.438993] Update: 1150 / 1953, Frames: 1178624, Rewards: 1.000, Min: 1.000, Max: 1.000, PL: -0.011,VL: 0.016, Ent: 1.724
[2020-04-05 20:57:14.209320] Update: 1160 / 1953, Frames: 1188864, Rewards: 1.000, Min: 1.000, Max: 1.000, PL: -0.018,VL: 0.001, Ent: 1.842
[2020-04-05 20:59:49.981144] Update: 1170 / 1953, Frames: 1199104, Rewards: 1.000, Min: 1.000, Max: 1.000, PL: -0.013,VL: 0.000, Ent: 1.785
[2020-04-05 21:02:21.570428] Update: 1180 / 1953, Frames: 1209344, Rewards: 1.000, Min: 1.000, Max: 1.000, PL: -0.033,VL: 0.001, Ent: 1.681
[2020-04-05 21:04:57.601169] Update: 1190 / 1953, Frames: 1219584, Rewards: 1.000, Min: 1.000, Max: 1.000, PL: -0.017,VL: 0.006, Ent: 1.635
[2020-04-05 21:07:25.698223] Update: 1200 / 1953, Frames: 1229824, Rewards: 1.000, Min: 1.000, Max: 1.000, PL: -0.037,VL: 0.000, Ent: 1.801
[2020-04-05 21:10:01.487793] Update: 1210 / 1953, Frames: 1240064, Rewards: 1.000, Min: 1.000, Max: 1.000, PL: -0.028,VL: 0.020, Ent: 1.795
[2020-04-05 21:12:44.713782] Update: 1220 / 1953, Frames: 1250304, Rewards: 1.000, Min: 1.000, Max: 1.000, PL: -0.006,VL: 0.000, Ent: 1.747
[2020-04-05 21:15:20.783554] Update: 1230 / 1953, Frames: 1260544, Rewards: 0.875, Min: 0.000, Max: 1.000, PL: -0.031,VL: 0.010, Ent: 1.810
[2020-04-05 21:17:53.662889] Update: 1240 / 1953, Frames: 1270784, Rewards: 1.000, Min: 1.000, Max: 1.000, PL: -0.018,VL: 0.000, Ent: 1.781
[2020-04-05 21:20:30.808017] Update: 1250 / 1953, Frames: 1281024, Rewards: 1.000, Min: 1.000, Max: 1.000, PL: 0.004,VL: 0.000, Ent: 1.742
[2020-04-05 21:23:03.191138] Update: 1260 / 1953, Frames: 1291264, Rewards: 1.000, Min: 1.000, Max: 1.000, PL: -0.017,VL: 0.001, Ent: 1.750
[2020-04-05 21:25:34.655705] Update: 1270 / 1953, Frames: 1301504, Rewards: 1.000, Min: 1.000, Max: 1.000, PL: -0.019,VL: 0.004, Ent: 1.749
[2020-04-05 21:28:06.524896] Update: 1280 / 1953, Frames: 1311744, Rewards: 1.000, Min: 1.000, Max: 1.000, PL: -0.015,VL: 0.000, Ent: 1.644
[2020-04-05 21:30:36.085507] Update: 1290 / 1953, Frames: 1321984, Rewards: 1.000, Min: 1.000, Max: 1.000, PL: -0.033,VL: 0.000, Ent: 1.857
[2020-04-05 21:33:11.508182] Update: 1300 / 1953, Frames: 1332224, Rewards: 1.000, Min: 1.000, Max: 1.000, PL: -0.016,VL: 0.000, Ent: 1.860
[2020-04-05 21:35:49.507522] Update: 1310 / 1953, Frames: 1342464, Rewards: 1.000, Min: 1.000, Max: 1.000, PL: -0.026,VL: 0.017, Ent: 1.881
[2020-04-05 21:38:18.829838] Update: 1320 / 1953, Frames: 1352704, Rewards: 1.000, Min: 1.000, Max: 1.000, PL: -0.042,VL: 0.004, Ent: 1.836
[2020-04-05 21:40:46.112259] Update: 1330 / 1953, Frames: 1362944, Rewards: 1.000, Min: 1.000, Max: 1.000, PL: -0.036,VL: 0.010, Ent: 1.898
[2020-04-05 21:43:13.158813] Update: 1340 / 1953, Frames: 1373184, Rewards: 1.000, Min: 1.000, Max: 1.000, PL: -0.024,VL: 0.000, Ent: 1.518
[2020-04-05 21:45:41.971669] Update: 1350 / 1953, Frames: 1383424, Rewards: 1.000, Min: 1.000, Max: 1.000, PL: 0.003,VL: 0.000, Ent: 1.671
[2020-04-05 21:48:08.474961] Update: 1360 / 1953, Frames: 1393664, Rewards: 1.000, Min: 1.000, Max: 1.000, PL: -0.043,VL: 0.000, Ent: 1.718
[2020-04-05 21:50:34.734427] Update: 1370 / 1953, Frames: 1403904, Rewards: 1.000, Min: 1.000, Max: 1.000, PL: -0.025,VL: 0.000, Ent: 1.873
[2020-04-05 21:53:01.308823] Update: 1380 / 1953, Frames: 1414144, Rewards: 1.000, Min: 1.000, Max: 1.000, PL: -0.016,VL: 0.000, Ent: 1.639
[2020-04-05 21:55:31.257026] Update: 1390 / 1953, Frames: 1424384, Rewards: 1.000, Min: 1.000, Max: 1.000, PL: -0.025,VL: 0.001, Ent: 1.938
[2020-04-05 21:58:06.753386] Update: 1400 / 1953, Frames: 1434624, Rewards: 1.000, Min: 1.000, Max: 1.000, PL: -0.038,VL: 0.001, Ent: 1.729
[2020-04-05 22:00:34.455339] Update: 1410 / 1953, Frames: 1444864, Rewards: 1.000, Min: 1.000, Max: 1.000, PL: -0.005,VL: 0.000, Ent: 1.729
[2020-04-05 22:03:01.822331] Update: 1420 / 1953, Frames: 1455104, Rewards: 1.000, Min: 1.000, Max: 1.000, PL: -0.043,VL: 0.000, Ent: 1.726
[2020-04-05 22:05:36.249126] Update: 1430 / 1953, Frames: 1465344, Rewards: 1.000, Min: 1.000, Max: 1.000, PL: 0.002,VL: 0.000, Ent: 1.497
[2020-04-05 22:08:10.639108] Update: 1440 / 1953, Frames: 1475584, Rewards: 1.000, Min: 1.000, Max: 1.000, PL: -0.008,VL: 0.015, Ent: 1.197
[2020-04-05 22:10:39.324189] Update: 1450 / 1953, Frames: 1485824, Rewards: 1.000, Min: 1.000, Max: 1.000, PL: -0.005,VL: 0.000, Ent: 1.573
[2020-04-05 22:13:08.399356] Update: 1460 / 1953, Frames: 1496064, Rewards: 1.000, Min: 1.000, Max: 1.000, PL: -0.004,VL: 0.000, Ent: 1.466
[2020-04-05 22:15:40.662705] Update: 1470 / 1953, Frames: 1506304, Rewards: 1.000, Min: 1.000, Max: 1.000, PL: -0.017,VL: 0.000, Ent: 1.464
[2020-04-05 22:18:12.143895] Update: 1480 / 1953, Frames: 1516544, Rewards: 1.000, Min: 1.000, Max: 1.000, PL: -0.016,VL: 0.000, Ent: 1.324
[2020-04-05 22:20:41.332981] Update: 1490 / 1953, Frames: 1526784, Rewards: 1.000, Min: 1.000, Max: 1.000, PL: -0.005,VL: 0.000, Ent: 1.636
[2020-04-05 22:23:07.665057] Update: 1500 / 1953, Frames: 1537024, Rewards: 1.000, Min: 1.000, Max: 1.000, PL: -0.034,VL: 0.021, Ent: 1.664
[2020-04-05 22:25:35.236595] Update: 1510 / 1953, Frames: 1547264, Rewards: 1.000, Min: 1.000, Max: 1.000, PL: -0.022,VL: 0.000, Ent: 1.566
[2020-04-05 22:28:02.711321] Update: 1520 / 1953, Frames: 1557504, Rewards: 1.000, Min: 1.000, Max: 1.000, PL: -0.007,VL: 0.000, Ent: 1.304
[2020-04-05 22:30:29.422306] Update: 1530 / 1953, Frames: 1567744, Rewards: 1.000, Min: 1.000, Max: 1.000, PL: -0.013,VL: 0.000, Ent: 1.296
[2020-04-05 22:32:58.926268] Update: 1540 / 1953, Frames: 1577984, Rewards: 1.000, Min: 1.000, Max: 1.000, PL: -0.013,VL: 0.000, Ent: 1.391
[2020-04-05 22:35:26.329060] Update: 1550 / 1953, Frames: 1588224, Rewards: 1.000, Min: 1.000, Max: 1.000, PL: -0.009,VL: 0.001, Ent: 1.307
[2020-04-05 22:37:52.598506] Update: 1560 / 1953, Frames: 1598464, Rewards: 1.000, Min: 1.000, Max: 1.000, PL: -0.028,VL: 0.000, Ent: 1.546
[2020-04-05 22:40:19.627067] Update: 1570 / 1953, Frames: 1608704, Rewards: 1.000, Min: 1.000, Max: 1.000, PL: -0.018,VL: 0.000, Ent: 1.257
[2020-04-05 22:42:45.484549] Update: 1580 / 1953, Frames: 1618944, Rewards: 1.000, Min: 1.000, Max: 1.000, PL: -0.014,VL: 0.000, Ent: 1.248
[2020-04-05 22:45:13.059782] Update: 1590 / 1953, Frames: 1629184, Rewards: 1.000, Min: 1.000, Max: 1.000, PL: -0.027,VL: 0.000, Ent: 1.720
[2020-04-05 22:47:40.084496] Update: 1600 / 1953, Frames: 1639424, Rewards: 1.000, Min: 1.000, Max: 1.000, PL: -0.012,VL: 0.008, Ent: 1.801
[2020-04-05 22:50:04.318672] Update: 1610 / 1953, Frames: 1649664, Rewards: 0.875, Min: 0.000, Max: 1.000, PL: -0.004,VL: 0.012, Ent: 1.567
[2020-04-05 23:49:29.602861] Update: 0 / 1953, Frames: 1024, Rewards: 0.375, Min: 0.000, Max: 1.000, env_loss: 0.609,net_loss: 1.073
[2020-04-05 23:50:52.481622] Update: 10 / 1953, Frames: 11264, Rewards: 0.500, Min: 0.000, Max: 1.000, env_loss: 0.232,net_loss: 1.605
[2020-04-05 23:55:12.208110] Update: 0 / 9, Frames: 1024, Rewards: 0.250, Min: 0.000, Max: 1.000, env_loss: 0.820,net_loss: 0.701
[2020-04-05 23:59:16.483643] Update: 0 / 97, Frames: 1024, Rewards: 0.125, Min: 0.000, Max: 1.000, env_loss: 0.539,net_loss: 0.962
[2020-04-06 00:00:35.876047] Update: 10 / 97, Frames: 11264, Rewards: 0.125, Min: 0.000, Max: 1.000, env_loss: 0.193,net_loss: 1.982
[2020-04-06 00:01:59.551534] Update: 20 / 97, Frames: 21504, Rewards: 0.125, Min: 0.000, Max: 1.000, env_loss: 0.065,net_loss: 3.536
[2020-04-06 00:03:21.477257] Update: 30 / 97, Frames: 31744, Rewards: 0.125, Min: 0.000, Max: 1.000, env_loss: 0.013,net_loss: 4.730
[2020-04-06 00:05:14.202367] Update: 0 / 97, Frames: 1024, Rewards: 0.250, Min: 0.000, Max: 1.000, env_loss: 0.554,net_loss: 0.939
[2020-04-06 00:08:48.344209] Update: 10 / 97, Frames: 11264, Rewards: 0.000, Min: -1.000, Max: 1.000, env_loss: 0.207,net_loss: 1.914
[2020-04-06 00:12:25.107073] Update: 20 / 97, Frames: 21504, Rewards: 0.250, Min: 0.000, Max: 1.000, env_loss: 0.043,net_loss: 3.925
[2020-04-06 00:16:02.702629] Update: 30 / 97, Frames: 31744, Rewards: 0.875, Min: 0.000, Max: 1.000, env_loss: 0.166,net_loss: 3.690
[2020-04-06 00:20:02.932851] Update: 40 / 97, Frames: 41984, Rewards: 1.000, Min: 1.000, Max: 1.000, env_loss: 0.219,net_loss: 2.695
[2020-04-06 00:24:10.572356] Update: 50 / 97, Frames: 52224, Rewards: 1.000, Min: 1.000, Max: 1.000, env_loss: 0.213,net_loss: 2.756
[2020-04-06 00:28:18.425851] Update: 60 / 97, Frames: 62464, Rewards: 0.875, Min: 0.000, Max: 1.000, env_loss: 0.313,net_loss: 2.895
[2020-04-06 00:31:42.163939] Update: 70 / 97, Frames: 72704, Rewards: 1.000, Min: 1.000, Max: 1.000, env_loss: 0.339,net_loss: 2.759
[2020-04-06 00:34:59.734784] Update: 80 / 97, Frames: 82944, Rewards: 1.000, Min: 1.000, Max: 1.000, env_loss: 0.266,net_loss: 2.798
[2020-04-06 00:38:14.777346] Update: 90 / 97, Frames: 93184, Rewards: 1.000, Min: 1.000, Max: 1.000, env_loss: 0.201,net_loss: 2.985
[2020-04-06 00:46:13.801992] Update: 0 / 9, Frames: 1024, Rewards: 0.000, Min: 0.000, Max: 0.000, env_loss: 0.729,net_loss: 0.719
[2020-04-06 00:47:39.492678] Update: 0 / 9, Frames: 1024, Rewards: 0.250, Min: 0.000, Max: 1.000, env_loss: 0.509,net_loss: 1.117
[2020-04-06 00:49:49.411084] Update: 0 / 9, Frames: 1024, Rewards: 0.250, Min: 0.000, Max: 1.000, env_loss: 0.599,net_loss: 0.911
[2020-04-06 00:50:24.907826] Update: 0 / 9, Frames: 1024, Rewards: 0.000, Min: 0.000, Max: 0.000, env_loss: 0.816,net_loss: 0.721
[2020-04-06 00:51:57.023840] Update: 0 / 9, Frames: 1024, Rewards: 0.125, Min: 0.000, Max: 1.000, env_loss: 0.621,net_loss: 0.894
[2020-04-06 00:53:23.141079] Update: 0 / 9, Frames: 1024, Rewards: 0.125, Min: 0.000, Max: 1.000, env_loss: 0.608,net_loss: 0.898
[2020-04-06 00:55:00.759247] Update: 0 / 9, Frames: 1024, Rewards: 0.000, Min: -1.000, Max: 1.000, env_loss: 0.933,net_loss: 0.660
[2020-04-06 01:02:43.841739] Update: 0 / 4, Frames: 1024, Rewards: 0.500, Min: 0.000, Max: 1.000, env_loss: 0.528,net_loss: 1.066
[2020-04-06 01:05:57.365853] Update: 0 / 4, Frames: 1024, Rewards: 0.375, Min: 0.000, Max: 1.000, env_loss: 0.787,net_loss: 0.707
[2020-04-06 08:23:03.672142] Update: 0 / 97, Frames: 1024, Rewards: 0.375, Min: 0.000, Max: 1.000, env_loss: 0.697,net_loss: 0.825
[2020-04-06 08:26:05.014308] Update: 10 / 97, Frames: 11264, Rewards: 0.000, Min: 0.000, Max: 0.000, env_loss: 0.257,net_loss: 1.715
[2020-04-06 08:29:06.461668] Update: 20 / 97, Frames: 21504, Rewards: 0.750, Min: 0.000, Max: 1.000, env_loss: 0.115,net_loss: 2.811
[2020-04-06 08:32:14.807026] Update: 30 / 97, Frames: 31744, Rewards: 0.875, Min: 0.000, Max: 1.000, env_loss: 0.189,net_loss: 2.864
[2020-04-06 08:33:47.351375] Update: 40 / 97, Frames: 41984, Rewards: 1.000, Min: 1.000, Max: 1.000, env_loss: 0.259,net_loss: 2.703
[2020-04-06 08:35:28.700295] Update: 50 / 97, Frames: 52224, Rewards: 0.875, Min: 0.000, Max: 1.000, env_loss: 0.211,net_loss: 2.790
[2020-04-06 08:37:06.747903] Update: 60 / 97, Frames: 62464, Rewards: 0.750, Min: 0.000, Max: 1.000, env_loss: 0.160,net_loss: 3.027
[2020-04-06 08:38:46.370920] Update: 70 / 97, Frames: 72704, Rewards: 0.875, Min: 0.000, Max: 1.000, env_loss: 0.208,net_loss: 2.802
[2020-04-06 08:40:24.206965] Update: 80 / 97, Frames: 82944, Rewards: 1.000, Min: 1.000, Max: 1.000, env_loss: 0.285,net_loss: 2.658
[2020-04-06 08:42:15.315445] Update: 90 / 97, Frames: 93184, Rewards: 1.000, Min: 1.000, Max: 1.000, env_loss: 0.176,net_loss: 2.808
[2020-04-06 08:45:13.767509] Update: 0 / 97, Frames: 1024, Rewards: 0.250, Min: 0.000, Max: 1.000, env_loss: 0.741,net_loss: 0.793
[2020-04-06 08:47:21.321437] Update: 10 / 97, Frames: 11264, Rewards: 0.125, Min: 0.000, Max: 1.000, env_loss: 0.280,net_loss: 1.588
[2020-04-06 08:48:36.151790] Update: 20 / 97, Frames: 21504, Rewards: 0.250, Min: 0.000, Max: 1.000, env_loss: 0.126,net_loss: 2.502
[2020-04-06 08:49:50.063420] Update: 30 / 97, Frames: 31744, Rewards: 0.125, Min: 0.000, Max: 1.000, env_loss: 0.038,net_loss: 4.125
[2020-04-06 08:51:04.726087] Update: 40 / 97, Frames: 41984, Rewards: 0.250, Min: 0.000, Max: 1.000, env_loss: 0.010,net_loss: 5.145
[2020-04-06 08:52:21.434104] Update: 50 / 97, Frames: 52224, Rewards: 0.250, Min: 0.000, Max: 1.000, env_loss: 0.005,net_loss: 6.197
[2020-04-06 08:53:38.052673] Update: 60 / 97, Frames: 62464, Rewards: 0.000, Min: 0.000, Max: 0.000, env_loss: 0.016,net_loss: 5.084
[2020-04-06 08:54:55.438765] Update: 70 / 97, Frames: 72704, Rewards: 0.125, Min: -1.000, Max: 1.000, env_loss: 0.003,net_loss: 6.438
[2020-04-06 08:56:13.759647] Update: 80 / 97, Frames: 82944, Rewards: 0.375, Min: 0.000, Max: 1.000, env_loss: 0.001,net_loss: 7.927
[2020-04-06 08:57:33.588726] Update: 90 / 97, Frames: 93184, Rewards: 0.375, Min: 0.000, Max: 1.000, env_loss: 0.003,net_loss: 5.789
[2020-04-06 09:00:03.959808] Update: 0 / 97, Frames: 1024, Rewards: 0.000, Min: 0.000, Max: 0.000, env_loss: 0.620,net_loss: 0.623
[2020-04-06 09:02:11.723125] Update: 10 / 97, Frames: 11264, Rewards: 0.375, Min: 0.000, Max: 1.000, env_loss: 0.216,net_loss: 0.210
[2020-04-06 09:03:29.262593] Update: 20 / 97, Frames: 21504, Rewards: 0.125, Min: -1.000, Max: 1.000, env_loss: 0.047,net_loss: 0.046
[2020-04-06 09:04:50.513467] Update: 30 / 97, Frames: 31744, Rewards: 0.250, Min: -1.000, Max: 1.000, env_loss: 0.025,net_loss: 0.027
[2020-04-06 09:06:11.268013] Update: 40 / 97, Frames: 41984, Rewards: 0.000, Min: 0.000, Max: 0.000, env_loss: 0.008,net_loss: 0.009
[2020-04-06 09:07:34.377815] Update: 50 / 97, Frames: 52224, Rewards: -0.125, Min: -1.000, Max: 0.000, env_loss: 0.004,net_loss: 0.004
[2020-04-06 09:08:57.876467] Update: 60 / 97, Frames: 62464, Rewards: 0.000, Min: 0.000, Max: 0.000, env_loss: 0.002,net_loss: 0.003
[2020-04-06 09:10:23.071555] Update: 70 / 97, Frames: 72704, Rewards: 0.250, Min: 0.000, Max: 1.000, env_loss: 0.002,net_loss: 0.003
[2020-04-06 09:11:49.301478] Update: 80 / 97, Frames: 82944, Rewards: 0.000, Min: 0.000, Max: 0.000, env_loss: 0.003,net_loss: 0.002
[2020-04-06 09:13:15.807403] Update: 90 / 97, Frames: 93184, Rewards: 0.000, Min: 0.000, Max: 0.000, env_loss: 0.001,net_loss: 0.001
[2020-04-06 09:17:58.050106] Update: 0 / 97, Frames: 1024, Rewards: 0.125, Min: 0.000, Max: 1.000, env_loss: 0.550,net_loss: 0.760
[2020-04-06 09:20:13.069073] Update: 10 / 97, Frames: 11264, Rewards: 0.250, Min: 0.000, Max: 1.000, env_loss: 0.204,net_loss: 1.017
[2020-04-06 09:21:29.888346] Update: 20 / 97, Frames: 21504, Rewards: 0.125, Min: 0.000, Max: 1.000, env_loss: 0.033,net_loss: 1.839
[2020-04-06 09:22:47.735165] Update: 30 / 97, Frames: 31744, Rewards: 0.125, Min: 0.000, Max: 1.000, env_loss: 0.025,net_loss: 2.117
[2020-04-06 09:24:08.485895] Update: 40 / 97, Frames: 41984, Rewards: 0.250, Min: 0.000, Max: 1.000, env_loss: 0.027,net_loss: 2.754
[2020-04-06 09:25:30.331371] Update: 50 / 97, Frames: 52224, Rewards: 0.250, Min: 0.000, Max: 1.000, env_loss: 0.005,net_loss: 3.065
[2020-04-06 09:26:53.609430] Update: 60 / 97, Frames: 62464, Rewards: 0.250, Min: 0.000, Max: 1.000, env_loss: 0.003,net_loss: 3.422
[2020-04-06 09:28:18.075258] Update: 70 / 97, Frames: 72704, Rewards: 0.375, Min: 0.000, Max: 1.000, env_loss: 0.001,net_loss: 3.774
[2020-04-06 09:29:43.341780] Update: 80 / 97, Frames: 82944, Rewards: 0.375, Min: 0.000, Max: 1.000, env_loss: 0.002,net_loss: 3.748
[2020-04-06 09:31:10.268902] Update: 90 / 97, Frames: 93184, Rewards: 0.375, Min: 0.000, Max: 1.000, env_loss: 0.003,net_loss: 3.444
[2020-04-09 23:44:17.364948] Update: 0 / 97, Frames: 1024, Rewards: 0.375, Min: 0.000, Max: 1.000, env_loss: 0.519,net_loss: 0.805
[2020-04-09 23:46:14.294513] Update: 10 / 97, Frames: 11264, Rewards: 0.125, Min: 0.000, Max: 1.000, env_loss: 0.228,net_loss: 1.042
[2020-04-09 23:47:21.852474] Update: 20 / 97, Frames: 21504, Rewards: 0.250, Min: -1.000, Max: 1.000, env_loss: 0.052,net_loss: 1.793
[2020-04-09 23:48:30.090706] Update: 30 / 97, Frames: 31744, Rewards: 0.000, Min: 0.000, Max: 0.000, env_loss: 0.030,net_loss: 1.983
[2020-04-09 23:49:41.666086] Update: 40 / 97, Frames: 41984, Rewards: 0.250, Min: 0.000, Max: 1.000, env_loss: 0.052,net_loss: 2.802
[2020-04-09 23:50:54.294896] Update: 50 / 97, Frames: 52224, Rewards: 0.125, Min: 0.000, Max: 1.000, env_loss: 0.002,net_loss: 3.291
[2020-04-09 23:52:08.644984] Update: 60 / 97, Frames: 62464, Rewards: 0.250, Min: 0.000, Max: 1.000, env_loss: 0.001,net_loss: 3.813
[2020-04-10 10:31:03.761388] Update: 0 / 97, Frames: 1024, Rewards: 0.375, Min: 0.000, Max: 1.000, env_loss: 0.611,net_loss: 0.737
[2020-04-10 10:32:57.688642] Update: 10 / 97, Frames: 11264, Rewards: 0.000, Min: 0.000, Max: 0.000, env_loss: 0.336,net_loss: 0.887
[2020-04-10 10:34:02.774247] Update: 20 / 97, Frames: 21504, Rewards: 0.125, Min: 0.000, Max: 1.000, env_loss: 0.102,net_loss: 1.494
[2020-04-10 10:35:08.827157] Update: 30 / 97, Frames: 31744, Rewards: 0.125, Min: 0.000, Max: 1.000, env_loss: 0.044,net_loss: 1.929
[2020-04-10 10:36:16.943618] Update: 40 / 97, Frames: 41984, Rewards: 0.000, Min: 0.000, Max: 0.000, env_loss: 0.015,net_loss: 2.486
[2020-04-10 10:55:03.386184] Update: 0 / 97, Frames: 1024, Rewards: -0.125, Min: -1.000, Max: 0.000, env_loss: 0.783,net_loss: 0.755
[2020-04-10 10:56:57.338677] Update: 10 / 97, Frames: 11264, Rewards: 0.125, Min: 0.000, Max: 1.000, env_loss: 0.302,net_loss: 0.899
[2020-04-10 10:59:31.925831] Update: 0 / 97, Frames: 1024, Rewards: 0.125, Min: 0.000, Max: 1.000, env_loss: 0.600,net_loss: 0.723
[2020-04-10 11:00:55.943226] Update: 0 / 97, Frames: 1024, Rewards: 0.375, Min: 0.000, Max: 1.000, env_loss: 0.700,net_loss: 0.769
[2020-04-10 11:01:35.462301] Update: 0 / 97, Frames: 1024, Rewards: 0.375, Min: 0.000, Max: 1.000, env_loss: 0.688,net_loss: 0.772
[2020-04-10 11:35:03.198657] Update: 0 / 97, Frames: 1024, Rewards: 0.000, Min: -1.000, Max: 1.000, env_loss: 0.454,net_loss: 1.020
[2020-04-10 11:38:44.507073] Update: 10 / 97, Frames: 11264, Rewards: 0.250, Min: 0.000, Max: 1.000, env_loss: 0.038,net_loss: 3.868
[2020-04-10 11:42:20.702637] Update: 20 / 97, Frames: 21504, Rewards: 0.875, Min: 0.000, Max: 1.000, env_loss: 0.031,net_loss: 5.473
[2020-04-10 11:46:17.081709] Update: 30 / 97, Frames: 31744, Rewards: 0.875, Min: 0.000, Max: 1.000, env_loss: 0.039,net_loss: 8.619
[2020-04-10 11:48:38.381767] Update: 40 / 97, Frames: 41984, Rewards: 0.875, Min: 0.000, Max: 1.000, env_loss: 0.045,net_loss: 9.067
[2020-04-10 11:51:02.615752] Update: 50 / 97, Frames: 52224, Rewards: 0.875, Min: 0.000, Max: 1.000, env_loss: 0.023,net_loss: 9.509
[2020-04-10 11:53:24.014820] Update: 60 / 97, Frames: 62464, Rewards: 0.750, Min: 0.000, Max: 1.000, env_loss: 0.022,net_loss: 9.043
[2020-04-10 11:55:46.304213] Update: 70 / 97, Frames: 72704, Rewards: 0.875, Min: 0.000, Max: 1.000, env_loss: 0.030,net_loss: 10.384
[2020-04-10 11:58:09.185651] Update: 80 / 97, Frames: 82944, Rewards: 1.000, Min: 1.000, Max: 1.000, env_loss: 0.027,net_loss: 10.881
[2020-04-10 12:00:32.478124] Update: 90 / 97, Frames: 93184, Rewards: 1.000, Min: 1.000, Max: 1.000, env_loss: 0.017,net_loss: 10.924
[2020-04-10 12:41:14.958630] Update: 0 / 97, Frames: 1024, Rewards: 0.125, Min: 0.000, Max: 1.000
[2020-04-10 12:43:14.519685] Update: 10 / 97, Frames: 11264, Rewards: 0.250, Min: 0.000, Max: 1.000
[2020-04-10 12:45:17.702757] Update: 20 / 97, Frames: 21504, Rewards: 1.000, Min: 1.000, Max: 1.000
[2020-04-10 12:47:36.048494] Update: 30 / 97, Frames: 31744, Rewards: 1.000, Min: 1.000, Max: 1.000
[2020-04-10 12:49:54.301367] Update: 40 / 97, Frames: 41984, Rewards: 0.875, Min: 0.000, Max: 1.000
[2020-04-10 12:52:14.319298] Update: 50 / 97, Frames: 52224, Rewards: 1.000, Min: 1.000, Max: 1.000
[2020-04-10 12:54:35.554415] Update: 60 / 97, Frames: 62464, Rewards: 0.875, Min: 0.000, Max: 1.000
[2020-04-10 12:56:54.388185] Update: 70 / 97, Frames: 72704, Rewards: 1.000, Min: 1.000, Max: 1.000
[2020-04-10 12:59:12.877781] Update: 80 / 97, Frames: 82944, Rewards: 1.000, Min: 1.000, Max: 1.000
[2020-04-10 13:01:32.092507] Update: 90 / 97, Frames: 93184, Rewards: 1.000, Min: 1.000, Max: 1.000
[2020-04-10 13:06:48.703968] Update: 0 / 97, Frames: 1024, Rewards: 0.250, Min: 0.000, Max: 1.000, env_loss: 0.459,net_loss: 1.038
[2020-04-10 13:10:18.994664] Update: 10 / 97, Frames: 11264, Rewards: 0.250, Min: 0.000, Max: 1.000, env_loss: 0.077,net_loss: 3.316
[2020-04-10 13:13:57.682827] Update: 20 / 97, Frames: 21504, Rewards: 0.625, Min: 0.000, Max: 1.000, env_loss: 0.096,net_loss: 6.013
[2020-04-10 13:17:51.454003] Update: 30 / 97, Frames: 31744, Rewards: 1.000, Min: 1.000, Max: 1.000, env_loss: 0.059,net_loss: 7.172
[2020-04-10 13:20:13.264760] Update: 40 / 97, Frames: 41984, Rewards: 1.000, Min: 1.000, Max: 1.000, env_loss: 0.070,net_loss: 7.392
[2020-04-10 13:22:33.952801] Update: 50 / 97, Frames: 52224, Rewards: 1.000, Min: 1.000, Max: 1.000, env_loss: 0.015,net_loss: 7.973
[2020-04-10 13:24:52.553271] Update: 60 / 97, Frames: 62464, Rewards: 1.000, Min: 1.000, Max: 1.000, env_loss: 0.048,net_loss: 8.629
[2020-04-10 13:27:12.260987] Update: 70 / 97, Frames: 72704, Rewards: 1.000, Min: 1.000, Max: 1.000, env_loss: 0.025,net_loss: 9.345
[2020-04-10 13:29:32.687906] Update: 80 / 97, Frames: 82944, Rewards: 1.000, Min: 1.000, Max: 1.000, env_loss: 0.047,net_loss: 9.062
[2020-04-10 13:31:52.831199] Update: 90 / 97, Frames: 93184, Rewards: 1.000, Min: 1.000, Max: 1.000, env_loss: 0.020,net_loss: 9.932
[2020-04-10 18:04:36.217263] Update: 0 / 97, Frames: 1024, Rewards: 0.250, Min: 0.000, Max: 1.000
[2020-04-10 18:06:43.160828] Update: 10 / 97, Frames: 11264, Rewards: 0.125, Min: -1.000, Max: 1.000
[2020-04-10 18:08:45.577339] Update: 20 / 97, Frames: 21504, Rewards: 0.250, Min: 0.000, Max: 1.000
[2020-04-10 18:10:47.850568] Update: 30 / 97, Frames: 31744, Rewards: 0.250, Min: 0.000, Max: 1.000
[2020-04-10 18:12:49.985338] Update: 40 / 97, Frames: 41984, Rewards: 0.125, Min: 0.000, Max: 1.000
[2020-04-10 18:14:52.640549] Update: 50 / 97, Frames: 52224, Rewards: -0.125, Min: -1.000, Max: 0.000
[2020-04-10 18:16:55.410477] Update: 60 / 97, Frames: 62464, Rewards: 0.125, Min: 0.000, Max: 1.000
[2020-04-10 18:18:58.070170] Update: 70 / 97, Frames: 72704, Rewards: 0.125, Min: -1.000, Max: 1.000
[2020-04-10 18:21:00.874217] Update: 80 / 97, Frames: 82944, Rewards: 0.250, Min: 0.000, Max: 1.000
[2020-04-10 18:23:03.731300] Update: 90 / 97, Frames: 93184, Rewards: 0.375, Min: 0.000, Max: 1.000
[2020-04-10 18:57:26.825940] Update: 0 / 97, Frames: 1024, Rewards: 0.250, Min: 0.000, Max: 1.000
[2020-04-10 18:59:38.653157] Update: 10 / 97, Frames: 11264, Rewards: 0.000, Min: 0.000, Max: 0.000
[2020-04-10 19:01:50.841392] Update: 0 / 97, Frames: 1024, Rewards: 0.250, Min: 0.000, Max: 1.000
[2020-04-10 19:03:34.641172] Update: 10 / 97, Frames: 11264, Rewards: 0.250, Min: 0.000, Max: 1.000
[2020-04-10 19:05:38.108974] Update: 20 / 97, Frames: 21504, Rewards: 0.875, Min: 0.000, Max: 1.000
[2020-04-10 19:07:39.075031] Update: 30 / 97, Frames: 31744, Rewards: 1.000, Min: 1.000, Max: 1.000
[2020-04-10 19:09:40.258431] Update: 40 / 97, Frames: 41984, Rewards: 1.000, Min: 1.000, Max: 1.000
[2020-04-10 19:11:41.810145] Update: 50 / 97, Frames: 52224, Rewards: 1.000, Min: 1.000, Max: 1.000
[2020-04-10 19:13:42.515636] Update: 60 / 97, Frames: 62464, Rewards: 0.875, Min: 0.000, Max: 1.000
[2020-04-10 19:15:41.736083] Update: 70 / 97, Frames: 72704, Rewards: 1.000, Min: 1.000, Max: 1.000
[2020-04-10 19:17:41.681995] Update: 80 / 97, Frames: 82944, Rewards: 0.875, Min: 0.000, Max: 1.000
[2020-04-10 19:19:48.432457] Update: 90 / 97, Frames: 93184, Rewards: 1.000, Min: 1.000, Max: 1.000
[2020-04-10 22:10:36.322049] Update: 0 / 97, Frames: 1024, Rewards: 0.125, Min: 0.000, Max: 1.000
[2020-04-10 22:11:21.207956] Update: 10 / 97, Frames: 11264, Rewards: 0.000, Min: 0.000, Max: 0.000
[2020-04-10 22:12:08.738005] Update: 20 / 97, Frames: 21504, Rewards: 0.000, Min: -1.000, Max: 1.000
[2020-04-10 22:12:54.947779] Update: 30 / 97, Frames: 31744, Rewards: 0.125, Min: 0.000, Max: 1.000
[2020-04-10 22:13:40.466680] Update: 40 / 97, Frames: 41984, Rewards: -0.125, Min: -1.000, Max: 1.000
[2020-04-10 22:14:25.792515] Update: 50 / 97, Frames: 52224, Rewards: 0.250, Min: 0.000, Max: 1.000
[2020-04-10 22:15:12.573675] Update: 60 / 97, Frames: 62464, Rewards: 0.125, Min: 0.000, Max: 1.000
[2020-04-10 22:15:58.075472] Update: 70 / 97, Frames: 72704, Rewards: -0.125, Min: -1.000, Max: 0.000
[2020-04-10 22:16:45.048786] Update: 80 / 97, Frames: 82944, Rewards: 0.375, Min: 0.000, Max: 1.000
[2020-04-10 22:17:31.354173] Update: 90 / 97, Frames: 93184, Rewards: 0.375, Min: 0.000, Max: 1.000
[2020-04-10 22:34:11.554693] Update: 0 / 97, Frames: 1024, Rewards: 0.000, Min: 0.000, Max: 0.000
[2020-04-10 22:35:03.764966] Update: 10 / 97, Frames: 11264, Rewards: 0.375, Min: 0.000, Max: 1.000
[2020-04-10 22:35:50.358118] Update: 20 / 97, Frames: 21504, Rewards: 0.250, Min: 0.000, Max: 1.000
[2020-04-10 22:36:34.789168] Update: 30 / 97, Frames: 31744, Rewards: 0.000, Min: 0.000, Max: 0.000
[2020-04-10 22:37:19.328629] Update: 40 / 97, Frames: 41984, Rewards: 0.375, Min: 0.000, Max: 1.000
[2020-04-10 22:38:04.176629] Update: 50 / 97, Frames: 52224, Rewards: 0.000, Min: 0.000, Max: 0.000
[2020-04-10 22:38:50.482081] Update: 60 / 97, Frames: 62464, Rewards: 0.125, Min: 0.000, Max: 1.000
[2020-04-10 22:39:38.520804] Update: 70 / 97, Frames: 72704, Rewards: 0.375, Min: 0.000, Max: 1.000
[2020-04-10 22:40:24.736534] Update: 80 / 97, Frames: 82944, Rewards: 0.000, Min: 0.000, Max: 0.000
[2020-04-10 22:41:10.375383] Update: 90 / 97, Frames: 93184, Rewards: 0.125, Min: 0.000, Max: 1.000
[2020-04-10 22:45:30.038229] Update: 0 / 97, Frames: 1024, Rewards: 0.000, Min: 0.000, Max: 0.000
[2020-04-10 22:47:13.276629] Update: 10 / 97, Frames: 11264, Rewards: 0.125, Min: 0.000, Max: 1.000
[2020-04-10 22:48:56.219092] Update: 20 / 97, Frames: 21504, Rewards: 0.125, Min: 0.000, Max: 1.000
[2020-04-10 22:50:38.286374] Update: 30 / 97, Frames: 31744, Rewards: 0.125, Min: 0.000, Max: 1.000
[2020-04-10 22:52:21.535342] Update: 40 / 97, Frames: 41984, Rewards: 0.375, Min: 0.000, Max: 1.000
[2020-04-10 22:54:02.867435] Update: 50 / 97, Frames: 52224, Rewards: 0.125, Min: 0.000, Max: 1.000
[2020-04-10 22:55:44.565625] Update: 60 / 97, Frames: 62464, Rewards: 0.000, Min: 0.000, Max: 0.000
[2020-04-10 22:57:27.013632] Update: 70 / 97, Frames: 72704, Rewards: 0.000, Min: 0.000, Max: 0.000
[2020-04-10 22:59:09.748127] Update: 80 / 97, Frames: 82944, Rewards: 0.000, Min: 0.000, Max: 0.000
[2020-04-10 23:00:52.190668] Update: 90 / 97, Frames: 93184, Rewards: 0.250, Min: 0.000, Max: 1.000
[2020-04-11 10:39:37.125653] Update: 0 / 97, Frames: 1024, Rewards: 0.250, Min: 0.000, Max: 1.000
[2020-04-11 10:41:32.117463] Update: 10 / 97, Frames: 11264, Rewards: 0.250, Min: 0.000, Max: 1.000
[2020-04-11 10:43:12.865988] Update: 20 / 97, Frames: 21504, Rewards: -0.500, Min: -1.000, Max: 0.000
[2020-04-11 10:44:54.090437] Update: 30 / 97, Frames: 31744, Rewards: -0.500, Min: -1.000, Max: 0.000
[2020-04-11 10:46:11.586327] Update: 0 / 97, Frames: 1024, Rewards: 0.125, Min: 0.000, Max: 1.000
[2020-04-11 10:47:56.934309] Update: 10 / 97, Frames: 11264, Rewards: -0.125, Min: -1.000, Max: 0.000
[2020-04-11 10:49:39.518875] Update: 20 / 97, Frames: 21504, Rewards: 0.125, Min: 0.000, Max: 1.000
[2020-04-11 10:51:26.528629] Update: 30 / 97, Frames: 31744, Rewards: -0.125, Min: -1.000, Max: 1.000
[2020-04-11 10:53:15.778498] Update: 40 / 97, Frames: 41984, Rewards: 0.125, Min: 0.000, Max: 1.000
[2020-04-11 10:54:01.251977] Update: 0 / 97, Frames: 1024, Rewards: 0.000, Min: 0.000, Max: 0.000
[2020-04-11 10:56:14.219483] Update: 10 / 97, Frames: 11264, Rewards: 0.250, Min: 0.000, Max: 1.000
[2020-04-11 10:58:34.737793] Update: 20 / 97, Frames: 21504, Rewards: 0.875, Min: 0.000, Max: 1.000
[2020-04-11 11:01:02.514072] Update: 30 / 97, Frames: 31744, Rewards: 1.000, Min: 1.000, Max: 1.000
[2020-04-11 11:03:33.744990] Update: 40 / 97, Frames: 41984, Rewards: 0.875, Min: 0.000, Max: 1.000
[2020-04-11 11:06:02.914491] Update: 50 / 97, Frames: 52224, Rewards: 1.000, Min: 1.000, Max: 1.000
[2020-04-11 11:08:36.738351] Update: 60 / 97, Frames: 62464, Rewards: 1.000, Min: 1.000, Max: 1.000
[2020-04-11 11:11:08.741348] Update: 70 / 97, Frames: 72704, Rewards: 1.000, Min: 1.000, Max: 1.000
[2020-04-11 11:13:43.329454] Update: 80 / 97, Frames: 82944, Rewards: 1.000, Min: 1.000, Max: 1.000
[2020-04-11 11:16:21.941143] Update: 90 / 97, Frames: 93184, Rewards: 1.000, Min: 1.000, Max: 1.000
[2020-04-11 11:38:33.135988] Update: 0 / 97, Frames: 1024, Rewards: 0.375, Min: 0.000, Max: 1.000
[2020-04-11 11:40:25.086768] Update: 10 / 97, Frames: 11264, Rewards: 0.250, Min: 0.000, Max: 1.000
[2020-04-11 11:42:11.336631] Update: 20 / 97, Frames: 21504, Rewards: 0.000, Min: 0.000, Max: 0.000
[2020-04-11 11:43:59.256500] Update: 30 / 97, Frames: 31744, Rewards: 0.000, Min: 0.000, Max: 0.000
[2020-04-11 11:45:49.009018] Update: 40 / 97, Frames: 41984, Rewards: 0.000, Min: 0.000, Max: 0.000
[2020-04-11 11:47:41.848120] Update: 50 / 97, Frames: 52224, Rewards: 0.000, Min: 0.000, Max: 0.000
[2020-04-11 11:49:37.367298] Update: 60 / 97, Frames: 62464, Rewards: 0.000, Min: 0.000, Max: 0.000
[2020-04-13 11:49:29.699335] Update: 0 / 97, Frames: 1024, Rewards: 0.125, Min: 0.000, Max: 1.000
[2020-04-13 11:50:27.951798] Update: 10 / 97, Frames: 11264, Rewards: 0.125, Min: 0.000, Max: 1.000
[2020-04-13 11:51:27.217795] Update: 20 / 97, Frames: 21504, Rewards: 0.000, Min: 0.000, Max: 0.000
[2020-04-13 11:52:28.644784] Update: 30 / 97, Frames: 31744, Rewards: 0.250, Min: 0.000, Max: 1.000
[2020-04-13 11:53:28.882241] Update: 40 / 97, Frames: 41984, Rewards: 0.500, Min: 0.000, Max: 1.000
[2020-04-13 11:59:50.711691] Update: 0 / 97, Frames: 1024, Rewards: 0.125, Min: 0.000, Max: 1.000
[2020-04-13 12:00:20.350536] Update: 0 / 97, Frames: 1024, Rewards: 0.125, Min: 0.000, Max: 1.000
[2020-04-13 12:00:47.534174] Update: 0 / 97, Frames: 1024, Rewards: 0.125, Min: 0.000, Max: 1.000
[2020-04-13 12:03:41.904136] Update: 10 / 97, Frames: 11264, Rewards: 0.375, Min: 0.000, Max: 1.000
[2020-04-13 12:06:35.058790] Update: 20 / 97, Frames: 21504, Rewards: 0.250, Min: 0.000, Max: 1.000
[2020-04-13 12:09:28.419986] Update: 30 / 97, Frames: 31744, Rewards: 0.500, Min: 0.000, Max: 1.000
[2020-04-13 12:12:20.867718] Update: 40 / 97, Frames: 41984, Rewards: 0.125, Min: 0.000, Max: 1.000
[2020-04-13 12:15:11.846907] Update: 50 / 97, Frames: 52224, Rewards: -0.125, Min: -1.000, Max: 0.000
[2020-04-13 12:19:27.762145] Update: 0 / 97, Frames: 1024, Rewards: 0.375, Min: 0.000, Max: 1.000
[2020-04-13 12:22:43.311405] Update: 10 / 97, Frames: 11264, Rewards: 0.125, Min: 0.000, Max: 1.000
[2020-04-13 12:25:58.258262] Update: 20 / 97, Frames: 21504, Rewards: 0.000, Min: 0.000, Max: 0.000
[2020-04-13 12:29:13.529741] Update: 30 / 97, Frames: 31744, Rewards: 0.250, Min: 0.000, Max: 1.000
[2020-04-13 12:32:29.257113] Update: 40 / 97, Frames: 41984, Rewards: 0.125, Min: 0.000, Max: 1.000
[2020-04-13 12:35:45.931915] Update: 50 / 97, Frames: 52224, Rewards: 0.125, Min: 0.000, Max: 1.000
[2020-04-13 12:39:03.260255] Update: 60 / 97, Frames: 62464, Rewards: 0.500, Min: 0.000, Max: 1.000
[2020-04-13 12:42:22.249064] Update: 70 / 97, Frames: 72704, Rewards: 0.250, Min: 0.000, Max: 1.000
[2020-04-13 12:45:42.007546] Update: 80 / 97, Frames: 82944, Rewards: 0.000, Min: -1.000, Max: 1.000
[2020-04-13 12:49:05.297564] Update: 90 / 97, Frames: 93184, Rewards: 0.125, Min: 0.000, Max: 1.000
[2020-04-13 12:55:01.951089] Update: 0 / 97, Frames: 1024, Rewards: 0.250, Min: 0.000, Max: 1.000
[2020-04-13 12:56:41.294321] Update: 10 / 97, Frames: 11264, Rewards: 0.125, Min: 0.000, Max: 1.000
[2020-04-13 12:58:20.709560] Update: 20 / 97, Frames: 21504, Rewards: 0.250, Min: 0.000, Max: 1.000
[2020-04-13 13:00:01.375483] Update: 30 / 97, Frames: 31744, Rewards: 0.125, Min: 0.000, Max: 1.000
[2020-04-13 13:01:41.600592] Update: 40 / 97, Frames: 41984, Rewards: -0.125, Min: -1.000, Max: 1.000
[2020-04-13 13:03:24.263409] Update: 50 / 97, Frames: 52224, Rewards: 0.125, Min: 0.000, Max: 1.000
[2020-04-13 13:05:05.984264] Update: 60 / 97, Frames: 62464, Rewards: 0.125, Min: 0.000, Max: 1.000
[2020-04-13 13:06:54.576175] Update: 70 / 97, Frames: 72704, Rewards: 0.250, Min: 0.000, Max: 1.000
[2020-04-13 13:08:41.583600] Update: 80 / 97, Frames: 82944, Rewards: 0.125, Min: 0.000, Max: 1.000
[2020-04-13 13:10:27.309778] Update: 90 / 97, Frames: 93184, Rewards: 0.000, Min: 0.000, Max: 0.000
[2020-04-13 14:45:37.949643] Update: 0 / 97, Frames: 1024, Rewards: 0.125, Min: 0.000, Max: 1.000
[2020-04-13 14:47:21.464550] Update: 10 / 97, Frames: 11264, Rewards: 0.875, Min: 0.000, Max: 1.000
[2020-04-13 14:49:16.317535] Update: 20 / 97, Frames: 21504, Rewards: 1.000, Min: 1.000, Max: 1.000
[2020-04-13 14:51:11.918903] Update: 30 / 97, Frames: 31744, Rewards: 1.000, Min: 1.000, Max: 1.000
[2020-04-13 14:53:07.066223] Update: 40 / 97, Frames: 41984, Rewards: 0.875, Min: 0.000, Max: 1.000
[2020-04-13 14:55:00.091524] Update: 50 / 97, Frames: 52224, Rewards: 1.000, Min: 1.000, Max: 1.000
[2020-04-13 14:56:50.624574] Update: 60 / 97, Frames: 62464, Rewards: 1.000, Min: 1.000, Max: 1.000
[2020-04-13 14:58:46.530981] Update: 70 / 97, Frames: 72704, Rewards: 0.875, Min: 0.000, Max: 1.000
[2020-04-13 15:00:44.289708] Update: 80 / 97, Frames: 82944, Rewards: 1.000, Min: 1.000, Max: 1.000
[2020-04-13 15:02:45.171770] Update: 90 / 97, Frames: 93184, Rewards: 1.000, Min: 1.000, Max: 1.000
[2020-04-13 16:31:47.078957] Update: 0 / 97, Frames: 1024, Rewards: 0.000, Min: 0.000, Max: 0.000
[2020-04-13 16:36:29.585423] Update: 10 / 97, Frames: 11264, Rewards: 0.125, Min: 0.000, Max: 1.000
[2020-04-13 16:41:27.152519] Update: 20 / 97, Frames: 21504, Rewards: 0.625, Min: 0.000, Max: 1.000
[2020-04-13 16:47:13.010705] Update: 30 / 97, Frames: 31744, Rewards: 1.000, Min: 1.000, Max: 1.000
[2020-04-13 16:53:08.417615] Update: 40 / 97, Frames: 41984, Rewards: 0.750, Min: 0.000, Max: 1.000
[2020-04-13 16:59:04.838763] Update: 50 / 97, Frames: 52224, Rewards: 1.000, Min: 1.000, Max: 1.000
[2020-04-13 17:05:04.767736] Update: 60 / 97, Frames: 62464, Rewards: 1.000, Min: 1.000, Max: 1.000
[2020-04-13 17:11:05.254253] Update: 70 / 97, Frames: 72704, Rewards: 1.000, Min: 1.000, Max: 1.000
[2020-04-13 17:16:56.057162] Update: 80 / 97, Frames: 82944, Rewards: 0.875, Min: 0.000, Max: 1.000
[2020-04-13 17:22:35.140883] Update: 90 / 97, Frames: 93184, Rewards: 1.000, Min: 1.000, Max: 1.000
[2020-04-13 19:20:49.136305] Update: 0 / 97, Frames: 1024, Rewards: 0.375, Min: 0.000, Max: 1.000
[2020-04-13 19:25:41.328166] Update: 10 / 97, Frames: 11264, Rewards: 0.125, Min: -1.000, Max: 1.000
[2020-04-13 19:31:16.983669] Update: 20 / 97, Frames: 21504, Rewards: 0.750, Min: 0.000, Max: 1.000
[2020-04-13 19:37:30.147719] Update: 30 / 97, Frames: 31744, Rewards: 1.000, Min: 1.000, Max: 1.000
[2020-04-13 19:43:50.905421] Update: 40 / 97, Frames: 41984, Rewards: 0.875, Min: 0.000, Max: 1.000
[2020-04-13 19:50:04.694929] Update: 50 / 97, Frames: 52224, Rewards: 0.750, Min: 0.000, Max: 1.000
[2020-04-13 19:56:20.315637] Update: 60 / 97, Frames: 62464, Rewards: 0.875, Min: 0.000, Max: 1.000
[2020-04-13 20:02:35.799017] Update: 70 / 97, Frames: 72704, Rewards: 0.875, Min: 0.000, Max: 1.000
[2020-04-13 20:08:51.234770] Update: 80 / 97, Frames: 82944, Rewards: 0.875, Min: 0.000, Max: 1.000
[2020-04-13 20:15:12.864549] Update: 90 / 97, Frames: 93184, Rewards: 1.000, Min: 1.000, Max: 1.000
[2020-04-13 20:50:39.470871] Update: 0 / 97, Frames: 1024, Rewards: 0.000, Min: -1.000, Max: 1.000
